<?xml version="1.0" encoding="UTF-8" ?>
<testsuites>
<testsuite name="Testanwendung Tests" errors="0" tests="9" failures="9" time="0.017" timestamp="2018-06-26T00:56:10">
  <testcase classname="Testanwendung Tests" name="MainView is loaded" time="0.013"><failure type="expect" message="ReferenceError: Ext is not defined">ReferenceError: Ext is not defined
    at jasmine.Spec.&amp;lt;anonymous&amp;gt; (/home/soti/Schreibtisch/projekt/anwendung/testUmgebung/js/spec/QuestionControllerSpec.js:12:9)
    at jasmine.Block.execute (/home/soti/Schreibtisch/projekt/node_modules/jasmine-node/lib/jasmine-node/jasmine-1.3.1.js:1145:17)
    at jasmine.Queue.next_ (/home/soti/Schreibtisch/projekt/node_modules/jasmine-node/lib/jasmine-node/jasmine-1.3.1.js:2177:31)
    at jasmine.Queue.start (/home/soti/Schreibtisch/projekt/node_modules/jasmine-node/lib/jasmine-node/jasmine-1.3.1.js:2130:8)
    at jasmine.Spec.execute (/home/soti/Schreibtisch/projekt/node_modules/jasmine-node/lib/jasmine-node/jasmine-1.3.1.js:2458:14)
    at jasmine.Queue.next_ (/home/soti/Schreibtisch/projekt/node_modules/jasmine-node/lib/jasmine-node/jasmine-1.3.1.js:2177:31)
    at jasmine.Queue.start (/home/soti/Schreibtisch/projekt/node_modules/jasmine-node/lib/jasmine-node/jasmine-1.3.1.js:2130:8)
    at jasmine.Suite.execute (/home/soti/Schreibtisch/projekt/node_modules/jasmine-node/lib/jasmine-node/jasmine-1.3.1.js:2604:14)
    at jasmine.Queue.next_ (/home/soti/Schreibtisch/projekt/node_modules/jasmine-node/lib/jasmine-node/jasmine-1.3.1.js:2177:31)
    at jasmine.Queue.start (/home/soti/Schreibtisch/projekt/node_modules/jasmine-node/lib/jasmine-node/jasmine-1.3.1.js:2130:8)</failure><failure type="expect" message="Expected false to be truthy.">Error: Expected false to be truthy.
    at new jasmine.ExpectationResult (/home/soti/Schreibtisch/projekt/node_modules/jasmine-node/lib/jasmine-node/jasmine-1.3.1.js:114:32)
    at matchersClass.toBeTruthy (/home/soti/Schreibtisch/projekt/node_modules/jasmine-node/lib/jasmine-node/jasmine-1.3.1.js:1316:29)
    at jasmine.Spec.&amp;lt;anonymous&amp;gt; (/home/soti/Schreibtisch/projekt/anwendung/testUmgebung/js/spec/QuestionControllerSpec.js:21:35)
    at jasmine.Block.execute (/home/soti/Schreibtisch/projekt/node_modules/jasmine-node/lib/jasmine-node/jasmine-1.3.1.js:1145:17)
    at jasmine.Queue.next_ (/home/soti/Schreibtisch/projekt/node_modules/jasmine-node/lib/jasmine-node/jasmine-1.3.1.js:2177:31)
    at Timeout._onTimeout (/home/soti/Schreibtisch/projekt/node_modules/jasmine-node/lib/jasmine-node/jasmine-1.3.1.js:2167:18)
    at ontimeout (timers.js:498:11)
    at tryOnTimeout (timers.js:323:5)
    at Timer.listOnTimeout (timers.js:290:5)</failure></testcase>
  <testcase classname="Testanwendung Tests" name="Store is loaded" time="0.001"><failure type="expect" message="ReferenceError: Ext is not defined">ReferenceError: Ext is not defined
    at jasmine.Spec.&amp;lt;anonymous&amp;gt; (/home/soti/Schreibtisch/projekt/anwendung/testUmgebung/js/spec/QuestionControllerSpec.js:12:9)
    at jasmine.Block.execute (/home/soti/Schreibtisch/projekt/node_modules/jasmine-node/lib/jasmine-node/jasmine-1.3.1.js:1145:17)
    at jasmine.Queue.next_ (/home/soti/Schreibtisch/projekt/node_modules/jasmine-node/lib/jasmine-node/jasmine-1.3.1.js:2177:31)
    at jasmine.Queue.start (/home/soti/Schreibtisch/projekt/node_modules/jasmine-node/lib/jasmine-node/jasmine-1.3.1.js:2130:8)
    at jasmine.Spec.execute (/home/soti/Schreibtisch/projekt/node_modules/jasmine-node/lib/jasmine-node/jasmine-1.3.1.js:2458:14)
    at jasmine.Queue.next_ (/home/soti/Schreibtisch/projekt/node_modules/jasmine-node/lib/jasmine-node/jasmine-1.3.1.js:2177:31)
    at onComplete (/home/soti/Schreibtisch/projekt/node_modules/jasmine-node/lib/jasmine-node/jasmine-1.3.1.js:2173:18)
    at jasmine.Spec.finish (/home/soti/Schreibtisch/projekt/node_modules/jasmine-node/lib/jasmine-node/jasmine-1.3.1.js:2432:5)
    at jasmine.Queue.onComplete (/home/soti/Schreibtisch/projekt/node_modules/jasmine-node/lib/jasmine-node/jasmine-1.3.1.js:2459:10)
    at jasmine.Queue.next_ (/home/soti/Schreibtisch/projekt/node_modules/jasmine-node/lib/jasmine-node/jasmine-1.3.1.js:2187:14)</failure><failure type="expect" message="Expected false to be truthy.">Error: Expected false to be truthy.
    at new jasmine.ExpectationResult (/home/soti/Schreibtisch/projekt/node_modules/jasmine-node/lib/jasmine-node/jasmine-1.3.1.js:114:32)
    at matchersClass.toBeTruthy (/home/soti/Schreibtisch/projekt/node_modules/jasmine-node/lib/jasmine-node/jasmine-1.3.1.js:1316:29)
    at jasmine.Spec.&amp;lt;anonymous&amp;gt; (/home/soti/Schreibtisch/projekt/anwendung/testUmgebung/js/spec/QuestionControllerSpec.js:25:39)
    at jasmine.Block.execute (/home/soti/Schreibtisch/projekt/node_modules/jasmine-node/lib/jasmine-node/jasmine-1.3.1.js:1145:17)
    at jasmine.Queue.next_ (/home/soti/Schreibtisch/projekt/node_modules/jasmine-node/lib/jasmine-node/jasmine-1.3.1.js:2177:31)
    at jasmine.Queue.start (/home/soti/Schreibtisch/projekt/node_modules/jasmine-node/lib/jasmine-node/jasmine-1.3.1.js:2130:8)
    at jasmine.Spec.execute (/home/soti/Schreibtisch/projekt/node_modules/jasmine-node/lib/jasmine-node/jasmine-1.3.1.js:2458:14)
    at jasmine.Queue.next_ (/home/soti/Schreibtisch/projekt/node_modules/jasmine-node/lib/jasmine-node/jasmine-1.3.1.js:2177:31)
    at onComplete (/home/soti/Schreibtisch/projekt/node_modules/jasmine-node/lib/jasmine-node/jasmine-1.3.1.js:2173:18)
    at jasmine.Spec.finish (/home/soti/Schreibtisch/projekt/node_modules/jasmine-node/lib/jasmine-node/jasmine-1.3.1.js:2432:5)</failure></testcase>
  <testcase classname="Testanwendung Tests" name="Controller is loaded" time="0"><failure type="expect" message="ReferenceError: Ext is not defined">ReferenceError: Ext is not defined
    at jasmine.Spec.&amp;lt;anonymous&amp;gt; (/home/soti/Schreibtisch/projekt/anwendung/testUmgebung/js/spec/QuestionControllerSpec.js:12:9)
    at jasmine.Block.execute (/home/soti/Schreibtisch/projekt/node_modules/jasmine-node/lib/jasmine-node/jasmine-1.3.1.js:1145:17)
    at jasmine.Queue.next_ (/home/soti/Schreibtisch/projekt/node_modules/jasmine-node/lib/jasmine-node/jasmine-1.3.1.js:2177:31)
    at jasmine.Queue.start (/home/soti/Schreibtisch/projekt/node_modules/jasmine-node/lib/jasmine-node/jasmine-1.3.1.js:2130:8)
    at jasmine.Spec.execute (/home/soti/Schreibtisch/projekt/node_modules/jasmine-node/lib/jasmine-node/jasmine-1.3.1.js:2458:14)
    at jasmine.Queue.next_ (/home/soti/Schreibtisch/projekt/node_modules/jasmine-node/lib/jasmine-node/jasmine-1.3.1.js:2177:31)
    at onComplete (/home/soti/Schreibtisch/projekt/node_modules/jasmine-node/lib/jasmine-node/jasmine-1.3.1.js:2173:18)
    at jasmine.Spec.finish (/home/soti/Schreibtisch/projekt/node_modules/jasmine-node/lib/jasmine-node/jasmine-1.3.1.js:2432:5)
    at jasmine.Queue.onComplete (/home/soti/Schreibtisch/projekt/node_modules/jasmine-node/lib/jasmine-node/jasmine-1.3.1.js:2459:10)
    at jasmine.Queue.next_ (/home/soti/Schreibtisch/projekt/node_modules/jasmine-node/lib/jasmine-node/jasmine-1.3.1.js:2187:14)</failure><failure type="expect" message="Expected false to be truthy.">Error: Expected false to be truthy.
    at new jasmine.ExpectationResult (/home/soti/Schreibtisch/projekt/node_modules/jasmine-node/lib/jasmine-node/jasmine-1.3.1.js:114:32)
    at matchersClass.toBeTruthy (/home/soti/Schreibtisch/projekt/node_modules/jasmine-node/lib/jasmine-node/jasmine-1.3.1.js:1316:29)
    at jasmine.Spec.&amp;lt;anonymous&amp;gt; (/home/soti/Schreibtisch/projekt/anwendung/testUmgebung/js/spec/QuestionControllerSpec.js:29:36)
    at jasmine.Block.execute (/home/soti/Schreibtisch/projekt/node_modules/jasmine-node/lib/jasmine-node/jasmine-1.3.1.js:1145:17)
    at jasmine.Queue.next_ (/home/soti/Schreibtisch/projekt/node_modules/jasmine-node/lib/jasmine-node/jasmine-1.3.1.js:2177:31)
    at jasmine.Queue.start (/home/soti/Schreibtisch/projekt/node_modules/jasmine-node/lib/jasmine-node/jasmine-1.3.1.js:2130:8)
    at jasmine.Spec.execute (/home/soti/Schreibtisch/projekt/node_modules/jasmine-node/lib/jasmine-node/jasmine-1.3.1.js:2458:14)
    at jasmine.Queue.next_ (/home/soti/Schreibtisch/projekt/node_modules/jasmine-node/lib/jasmine-node/jasmine-1.3.1.js:2177:31)
    at onComplete (/home/soti/Schreibtisch/projekt/node_modules/jasmine-node/lib/jasmine-node/jasmine-1.3.1.js:2173:18)
    at jasmine.Spec.finish (/home/soti/Schreibtisch/projekt/node_modules/jasmine-node/lib/jasmine-node/jasmine-1.3.1.js:2432:5)</failure></testcase>
  <testcase classname="Testanwendung Tests" name="Grid is loaded" time="0"><failure type="expect" message="ReferenceError: Ext is not defined">ReferenceError: Ext is not defined
    at jasmine.Spec.&amp;lt;anonymous&amp;gt; (/home/soti/Schreibtisch/projekt/anwendung/testUmgebung/js/spec/QuestionControllerSpec.js:12:9)
    at jasmine.Block.execute (/home/soti/Schreibtisch/projekt/node_modules/jasmine-node/lib/jasmine-node/jasmine-1.3.1.js:1145:17)
    at jasmine.Queue.next_ (/home/soti/Schreibtisch/projekt/node_modules/jasmine-node/lib/jasmine-node/jasmine-1.3.1.js:2177:31)
    at jasmine.Queue.start (/home/soti/Schreibtisch/projekt/node_modules/jasmine-node/lib/jasmine-node/jasmine-1.3.1.js:2130:8)
    at jasmine.Spec.execute (/home/soti/Schreibtisch/projekt/node_modules/jasmine-node/lib/jasmine-node/jasmine-1.3.1.js:2458:14)
    at jasmine.Queue.next_ (/home/soti/Schreibtisch/projekt/node_modules/jasmine-node/lib/jasmine-node/jasmine-1.3.1.js:2177:31)
    at onComplete (/home/soti/Schreibtisch/projekt/node_modules/jasmine-node/lib/jasmine-node/jasmine-1.3.1.js:2173:18)
    at jasmine.Spec.finish (/home/soti/Schreibtisch/projekt/node_modules/jasmine-node/lib/jasmine-node/jasmine-1.3.1.js:2432:5)
    at jasmine.Queue.onComplete (/home/soti/Schreibtisch/projekt/node_modules/jasmine-node/lib/jasmine-node/jasmine-1.3.1.js:2459:10)
    at jasmine.Queue.next_ (/home/soti/Schreibtisch/projekt/node_modules/jasmine-node/lib/jasmine-node/jasmine-1.3.1.js:2187:14)</failure><failure type="expect" message="Expected false to be truthy.">Error: Expected false to be truthy.
    at new jasmine.ExpectationResult (/home/soti/Schreibtisch/projekt/node_modules/jasmine-node/lib/jasmine-node/jasmine-1.3.1.js:114:32)
    at matchersClass.toBeTruthy (/home/soti/Schreibtisch/projekt/node_modules/jasmine-node/lib/jasmine-node/jasmine-1.3.1.js:1316:29)
    at jasmine.Spec.&amp;lt;anonymous&amp;gt; (/home/soti/Schreibtisch/projekt/anwendung/testUmgebung/js/spec/QuestionControllerSpec.js:33:30)
    at jasmine.Block.execute (/home/soti/Schreibtisch/projekt/node_modules/jasmine-node/lib/jasmine-node/jasmine-1.3.1.js:1145:17)
    at jasmine.Queue.next_ (/home/soti/Schreibtisch/projekt/node_modules/jasmine-node/lib/jasmine-node/jasmine-1.3.1.js:2177:31)
    at jasmine.Queue.start (/home/soti/Schreibtisch/projekt/node_modules/jasmine-node/lib/jasmine-node/jasmine-1.3.1.js:2130:8)
    at jasmine.Spec.execute (/home/soti/Schreibtisch/projekt/node_modules/jasmine-node/lib/jasmine-node/jasmine-1.3.1.js:2458:14)
    at jasmine.Queue.next_ (/home/soti/Schreibtisch/projekt/node_modules/jasmine-node/lib/jasmine-node/jasmine-1.3.1.js:2177:31)
    at onComplete (/home/soti/Schreibtisch/projekt/node_modules/jasmine-node/lib/jasmine-node/jasmine-1.3.1.js:2173:18)
    at jasmine.Spec.finish (/home/soti/Schreibtisch/projekt/node_modules/jasmine-node/lib/jasmine-node/jasmine-1.3.1.js:2432:5)</failure></testcase>
  <testcase classname="Testanwendung Tests" name="Model is loaded" time="0"><failure type="expect" message="ReferenceError: Ext is not defined">ReferenceError: Ext is not defined
    at jasmine.Spec.&amp;lt;anonymous&amp;gt; (/home/soti/Schreibtisch/projekt/anwendung/testUmgebung/js/spec/QuestionControllerSpec.js:12:9)
    at jasmine.Block.execute (/home/soti/Schreibtisch/projekt/node_modules/jasmine-node/lib/jasmine-node/jasmine-1.3.1.js:1145:17)
    at jasmine.Queue.next_ (/home/soti/Schreibtisch/projekt/node_modules/jasmine-node/lib/jasmine-node/jasmine-1.3.1.js:2177:31)
    at jasmine.Queue.start (/home/soti/Schreibtisch/projekt/node_modules/jasmine-node/lib/jasmine-node/jasmine-1.3.1.js:2130:8)
    at jasmine.Spec.execute (/home/soti/Schreibtisch/projekt/node_modules/jasmine-node/lib/jasmine-node/jasmine-1.3.1.js:2458:14)
    at jasmine.Queue.next_ (/home/soti/Schreibtisch/projekt/node_modules/jasmine-node/lib/jasmine-node/jasmine-1.3.1.js:2177:31)
    at onComplete (/home/soti/Schreibtisch/projekt/node_modules/jasmine-node/lib/jasmine-node/jasmine-1.3.1.js:2173:18)
    at jasmine.Spec.finish (/home/soti/Schreibtisch/projekt/node_modules/jasmine-node/lib/jasmine-node/jasmine-1.3.1.js:2432:5)
    at jasmine.Queue.onComplete (/home/soti/Schreibtisch/projekt/node_modules/jasmine-node/lib/jasmine-node/jasmine-1.3.1.js:2459:10)
    at jasmine.Queue.next_ (/home/soti/Schreibtisch/projekt/node_modules/jasmine-node/lib/jasmine-node/jasmine-1.3.1.js:2187:14)</failure><failure type="expect" message="Expected false to be truthy.">Error: Expected false to be truthy.
    at new jasmine.ExpectationResult (/home/soti/Schreibtisch/projekt/node_modules/jasmine-node/lib/jasmine-node/jasmine-1.3.1.js:114:32)
    at matchersClass.toBeTruthy (/home/soti/Schreibtisch/projekt/node_modules/jasmine-node/lib/jasmine-node/jasmine-1.3.1.js:1316:29)
    at jasmine.Spec.&amp;lt;anonymous&amp;gt; (/home/soti/Schreibtisch/projekt/anwendung/testUmgebung/js/spec/QuestionControllerSpec.js:37:31)
    at jasmine.Block.execute (/home/soti/Schreibtisch/projekt/node_modules/jasmine-node/lib/jasmine-node/jasmine-1.3.1.js:1145:17)
    at jasmine.Queue.next_ (/home/soti/Schreibtisch/projekt/node_modules/jasmine-node/lib/jasmine-node/jasmine-1.3.1.js:2177:31)
    at jasmine.Queue.start (/home/soti/Schreibtisch/projekt/node_modules/jasmine-node/lib/jasmine-node/jasmine-1.3.1.js:2130:8)
    at jasmine.Spec.execute (/home/soti/Schreibtisch/projekt/node_modules/jasmine-node/lib/jasmine-node/jasmine-1.3.1.js:2458:14)
    at jasmine.Queue.next_ (/home/soti/Schreibtisch/projekt/node_modules/jasmine-node/lib/jasmine-node/jasmine-1.3.1.js:2177:31)
    at onComplete (/home/soti/Schreibtisch/projekt/node_modules/jasmine-node/lib/jasmine-node/jasmine-1.3.1.js:2173:18)
    at jasmine.Spec.finish (/home/soti/Schreibtisch/projekt/node_modules/jasmine-node/lib/jasmine-node/jasmine-1.3.1.js:2432:5)</failure></testcase>
  <testcase classname="Testanwendung Tests" name="New item should be added to store" time="0"><failure type="expect" message="ReferenceError: Ext is not defined">ReferenceError: Ext is not defined
    at jasmine.Spec.&amp;lt;anonymous&amp;gt; (/home/soti/Schreibtisch/projekt/anwendung/testUmgebung/js/spec/QuestionControllerSpec.js:12:9)
    at jasmine.Block.execute (/home/soti/Schreibtisch/projekt/node_modules/jasmine-node/lib/jasmine-node/jasmine-1.3.1.js:1145:17)
    at jasmine.Queue.next_ (/home/soti/Schreibtisch/projekt/node_modules/jasmine-node/lib/jasmine-node/jasmine-1.3.1.js:2177:31)
    at jasmine.Queue.start (/home/soti/Schreibtisch/projekt/node_modules/jasmine-node/lib/jasmine-node/jasmine-1.3.1.js:2130:8)
    at jasmine.Spec.execute (/home/soti/Schreibtisch/projekt/node_modules/jasmine-node/lib/jasmine-node/jasmine-1.3.1.js:2458:14)
    at jasmine.Queue.next_ (/home/soti/Schreibtisch/projekt/node_modules/jasmine-node/lib/jasmine-node/jasmine-1.3.1.js:2177:31)
    at onComplete (/home/soti/Schreibtisch/projekt/node_modules/jasmine-node/lib/jasmine-node/jasmine-1.3.1.js:2173:18)
    at jasmine.Spec.finish (/home/soti/Schreibtisch/projekt/node_modules/jasmine-node/lib/jasmine-node/jasmine-1.3.1.js:2432:5)
    at jasmine.Queue.onComplete (/home/soti/Schreibtisch/projekt/node_modules/jasmine-node/lib/jasmine-node/jasmine-1.3.1.js:2459:10)
    at jasmine.Queue.next_ (/home/soti/Schreibtisch/projekt/node_modules/jasmine-node/lib/jasmine-node/jasmine-1.3.1.js:2187:14)</failure><failure type="expect" message="TypeError: Cannot set property &amp;apos;id&amp;apos; of null">TypeError: Cannot set property &amp;apos;id&amp;apos; of null
    at jasmine.Spec.&amp;lt;anonymous&amp;gt; (/home/soti/Schreibtisch/projekt/anwendung/testUmgebung/js/spec/QuestionControllerSpec.js:43:14)
    at jasmine.Block.execute (/home/soti/Schreibtisch/projekt/node_modules/jasmine-node/lib/jasmine-node/jasmine-1.3.1.js:1145:17)
    at jasmine.Queue.next_ (/home/soti/Schreibtisch/projekt/node_modules/jasmine-node/lib/jasmine-node/jasmine-1.3.1.js:2177:31)
    at jasmine.Queue.start (/home/soti/Schreibtisch/projekt/node_modules/jasmine-node/lib/jasmine-node/jasmine-1.3.1.js:2130:8)
    at jasmine.Spec.execute (/home/soti/Schreibtisch/projekt/node_modules/jasmine-node/lib/jasmine-node/jasmine-1.3.1.js:2458:14)
    at jasmine.Queue.next_ (/home/soti/Schreibtisch/projekt/node_modules/jasmine-node/lib/jasmine-node/jasmine-1.3.1.js:2177:31)
    at onComplete (/home/soti/Schreibtisch/projekt/node_modules/jasmine-node/lib/jasmine-node/jasmine-1.3.1.js:2173:18)
    at jasmine.Spec.finish (/home/soti/Schreibtisch/projekt/node_modules/jasmine-node/lib/jasmine-node/jasmine-1.3.1.js:2432:5)
    at jasmine.Queue.onComplete (/home/soti/Schreibtisch/projekt/node_modules/jasmine-node/lib/jasmine-node/jasmine-1.3.1.js:2459:10)
    at jasmine.Queue.next_ (/home/soti/Schreibtisch/projekt/node_modules/jasmine-node/lib/jasmine-node/jasmine-1.3.1.js:2187:14)</failure></testcase>
  <testcase classname="Testanwendung Tests" name="Item should be removed from store" time="0"><failure type="expect" message="ReferenceError: Ext is not defined">ReferenceError: Ext is not defined
    at jasmine.Spec.&amp;lt;anonymous&amp;gt; (/home/soti/Schreibtisch/projekt/anwendung/testUmgebung/js/spec/QuestionControllerSpec.js:12:9)
    at jasmine.Block.execute (/home/soti/Schreibtisch/projekt/node_modules/jasmine-node/lib/jasmine-node/jasmine-1.3.1.js:1145:17)
    at jasmine.Queue.next_ (/home/soti/Schreibtisch/projekt/node_modules/jasmine-node/lib/jasmine-node/jasmine-1.3.1.js:2177:31)
    at jasmine.Queue.start (/home/soti/Schreibtisch/projekt/node_modules/jasmine-node/lib/jasmine-node/jasmine-1.3.1.js:2130:8)
    at jasmine.Spec.execute (/home/soti/Schreibtisch/projekt/node_modules/jasmine-node/lib/jasmine-node/jasmine-1.3.1.js:2458:14)
    at jasmine.Queue.next_ (/home/soti/Schreibtisch/projekt/node_modules/jasmine-node/lib/jasmine-node/jasmine-1.3.1.js:2177:31)
    at onComplete (/home/soti/Schreibtisch/projekt/node_modules/jasmine-node/lib/jasmine-node/jasmine-1.3.1.js:2173:18)
    at jasmine.Spec.finish (/home/soti/Schreibtisch/projekt/node_modules/jasmine-node/lib/jasmine-node/jasmine-1.3.1.js:2432:5)
    at jasmine.Queue.onComplete (/home/soti/Schreibtisch/projekt/node_modules/jasmine-node/lib/jasmine-node/jasmine-1.3.1.js:2459:10)
    at jasmine.Queue.next_ (/home/soti/Schreibtisch/projekt/node_modules/jasmine-node/lib/jasmine-node/jasmine-1.3.1.js:2187:14)</failure><failure type="expect" message="TypeError: Cannot set property &amp;apos;id&amp;apos; of null">TypeError: Cannot set property &amp;apos;id&amp;apos; of null
    at jasmine.Spec.&amp;lt;anonymous&amp;gt; (/home/soti/Schreibtisch/projekt/anwendung/testUmgebung/js/spec/QuestionControllerSpec.js:52:14)
    at jasmine.Block.execute (/home/soti/Schreibtisch/projekt/node_modules/jasmine-node/lib/jasmine-node/jasmine-1.3.1.js:1145:17)
    at jasmine.Queue.next_ (/home/soti/Schreibtisch/projekt/node_modules/jasmine-node/lib/jasmine-node/jasmine-1.3.1.js:2177:31)
    at jasmine.Queue.start (/home/soti/Schreibtisch/projekt/node_modules/jasmine-node/lib/jasmine-node/jasmine-1.3.1.js:2130:8)
    at jasmine.Spec.execute (/home/soti/Schreibtisch/projekt/node_modules/jasmine-node/lib/jasmine-node/jasmine-1.3.1.js:2458:14)
    at jasmine.Queue.next_ (/home/soti/Schreibtisch/projekt/node_modules/jasmine-node/lib/jasmine-node/jasmine-1.3.1.js:2177:31)
    at onComplete (/home/soti/Schreibtisch/projekt/node_modules/jasmine-node/lib/jasmine-node/jasmine-1.3.1.js:2173:18)
    at jasmine.Spec.finish (/home/soti/Schreibtisch/projekt/node_modules/jasmine-node/lib/jasmine-node/jasmine-1.3.1.js:2432:5)
    at jasmine.Queue.onComplete (/home/soti/Schreibtisch/projekt/node_modules/jasmine-node/lib/jasmine-node/jasmine-1.3.1.js:2459:10)
    at jasmine.Queue.next_ (/home/soti/Schreibtisch/projekt/node_modules/jasmine-node/lib/jasmine-node/jasmine-1.3.1.js:2187:14)</failure></testcase>
  <testcase classname="Testanwendung Tests" name="Error on empty input field" time="0.001"><failure type="expect" message="ReferenceError: Ext is not defined">ReferenceError: Ext is not defined
    at jasmine.Spec.&amp;lt;anonymous&amp;gt; (/home/soti/Schreibtisch/projekt/anwendung/testUmgebung/js/spec/QuestionControllerSpec.js:12:9)
    at jasmine.Block.execute (/home/soti/Schreibtisch/projekt/node_modules/jasmine-node/lib/jasmine-node/jasmine-1.3.1.js:1145:17)
    at jasmine.Queue.next_ (/home/soti/Schreibtisch/projekt/node_modules/jasmine-node/lib/jasmine-node/jasmine-1.3.1.js:2177:31)
    at jasmine.Queue.start (/home/soti/Schreibtisch/projekt/node_modules/jasmine-node/lib/jasmine-node/jasmine-1.3.1.js:2130:8)
    at jasmine.Spec.execute (/home/soti/Schreibtisch/projekt/node_modules/jasmine-node/lib/jasmine-node/jasmine-1.3.1.js:2458:14)
    at jasmine.Queue.next_ (/home/soti/Schreibtisch/projekt/node_modules/jasmine-node/lib/jasmine-node/jasmine-1.3.1.js:2177:31)
    at onComplete (/home/soti/Schreibtisch/projekt/node_modules/jasmine-node/lib/jasmine-node/jasmine-1.3.1.js:2173:18)
    at jasmine.Spec.finish (/home/soti/Schreibtisch/projekt/node_modules/jasmine-node/lib/jasmine-node/jasmine-1.3.1.js:2432:5)
    at jasmine.Queue.onComplete (/home/soti/Schreibtisch/projekt/node_modules/jasmine-node/lib/jasmine-node/jasmine-1.3.1.js:2459:10)
    at jasmine.Queue.next_ (/home/soti/Schreibtisch/projekt/node_modules/jasmine-node/lib/jasmine-node/jasmine-1.3.1.js:2187:14)</failure><failure type="expect" message="ReferenceError: Ext is not defined">ReferenceError: Ext is not defined
    at jasmine.Spec.&amp;lt;anonymous&amp;gt; (/home/soti/Schreibtisch/projekt/anwendung/testUmgebung/js/spec/QuestionControllerSpec.js:65:16)
    at jasmine.Block.execute (/home/soti/Schreibtisch/projekt/node_modules/jasmine-node/lib/jasmine-node/jasmine-1.3.1.js:1145:17)
    at jasmine.Queue.next_ (/home/soti/Schreibtisch/projekt/node_modules/jasmine-node/lib/jasmine-node/jasmine-1.3.1.js:2177:31)
    at jasmine.Queue.start (/home/soti/Schreibtisch/projekt/node_modules/jasmine-node/lib/jasmine-node/jasmine-1.3.1.js:2130:8)
    at jasmine.Spec.execute (/home/soti/Schreibtisch/projekt/node_modules/jasmine-node/lib/jasmine-node/jasmine-1.3.1.js:2458:14)
    at jasmine.Queue.next_ (/home/soti/Schreibtisch/projekt/node_modules/jasmine-node/lib/jasmine-node/jasmine-1.3.1.js:2177:31)
    at onComplete (/home/soti/Schreibtisch/projekt/node_modules/jasmine-node/lib/jasmine-node/jasmine-1.3.1.js:2173:18)
    at jasmine.Spec.finish (/home/soti/Schreibtisch/projekt/node_modules/jasmine-node/lib/jasmine-node/jasmine-1.3.1.js:2432:5)
    at jasmine.Queue.onComplete (/home/soti/Schreibtisch/projekt/node_modules/jasmine-node/lib/jasmine-node/jasmine-1.3.1.js:2459:10)
    at jasmine.Queue.next_ (/home/soti/Schreibtisch/projekt/node_modules/jasmine-node/lib/jasmine-node/jasmine-1.3.1.js:2187:14)</failure></testcase>
  <testcase classname="Testanwendung Tests" name="Error if not at least 5 characters" time="0"><failure type="expect" message="ReferenceError: Ext is not defined">ReferenceError: Ext is not defined
    at jasmine.Spec.&amp;lt;anonymous&amp;gt; (/home/soti/Schreibtisch/projekt/anwendung/testUmgebung/js/spec/QuestionControllerSpec.js:12:9)
    at jasmine.Block.execute (/home/soti/Schreibtisch/projekt/node_modules/jasmine-node/lib/jasmine-node/jasmine-1.3.1.js:1145:17)
    at jasmine.Queue.next_ (/home/soti/Schreibtisch/projekt/node_modules/jasmine-node/lib/jasmine-node/jasmine-1.3.1.js:2177:31)
    at jasmine.Queue.start (/home/soti/Schreibtisch/projekt/node_modules/jasmine-node/lib/jasmine-node/jasmine-1.3.1.js:2130:8)
    at jasmine.Spec.execute (/home/soti/Schreibtisch/projekt/node_modules/jasmine-node/lib/jasmine-node/jasmine-1.3.1.js:2458:14)
    at jasmine.Queue.next_ (/home/soti/Schreibtisch/projekt/node_modules/jasmine-node/lib/jasmine-node/jasmine-1.3.1.js:2177:31)
    at onComplete (/home/soti/Schreibtisch/projekt/node_modules/jasmine-node/lib/jasmine-node/jasmine-1.3.1.js:2173:18)
    at jasmine.Spec.finish (/home/soti/Schreibtisch/projekt/node_modules/jasmine-node/lib/jasmine-node/jasmine-1.3.1.js:2432:5)
    at jasmine.Queue.onComplete (/home/soti/Schreibtisch/projekt/node_modules/jasmine-node/lib/jasmine-node/jasmine-1.3.1.js:2459:10)
    at jasmine.Queue.next_ (/home/soti/Schreibtisch/projekt/node_modules/jasmine-node/lib/jasmine-node/jasmine-1.3.1.js:2187:14)</failure><failure type="expect" message="ReferenceError: Ext is not defined">ReferenceError: Ext is not defined
    at jasmine.Spec.&amp;lt;anonymous&amp;gt; (/home/soti/Schreibtisch/projekt/anwendung/testUmgebung/js/spec/QuestionControllerSpec.js:75:16)
    at jasmine.Block.execute (/home/soti/Schreibtisch/projekt/node_modules/jasmine-node/lib/jasmine-node/jasmine-1.3.1.js:1145:17)
    at jasmine.Queue.next_ (/home/soti/Schreibtisch/projekt/node_modules/jasmine-node/lib/jasmine-node/jasmine-1.3.1.js:2177:31)
    at jasmine.Queue.start (/home/soti/Schreibtisch/projekt/node_modules/jasmine-node/lib/jasmine-node/jasmine-1.3.1.js:2130:8)
    at jasmine.Spec.execute (/home/soti/Schreibtisch/projekt/node_modules/jasmine-node/lib/jasmine-node/jasmine-1.3.1.js:2458:14)
    at jasmine.Queue.next_ (/home/soti/Schreibtisch/projekt/node_modules/jasmine-node/lib/jasmine-node/jasmine-1.3.1.js:2177:31)
    at onComplete (/home/soti/Schreibtisch/projekt/node_modules/jasmine-node/lib/jasmine-node/jasmine-1.3.1.js:2173:18)
    at jasmine.Spec.finish (/home/soti/Schreibtisch/projekt/node_modules/jasmine-node/lib/jasmine-node/jasmine-1.3.1.js:2432:5)
    at jasmine.Queue.onComplete (/home/soti/Schreibtisch/projekt/node_modules/jasmine-node/lib/jasmine-node/jasmine-1.3.1.js:2459:10)
    at jasmine.Queue.next_ (/home/soti/Schreibtisch/projekt/node_modules/jasmine-node/lib/jasmine-node/jasmine-1.3.1.js:2187:14)</failure></testcase>
</testsuite>
</testsuites>